c:\users\marti\downloads\atomix base v2\binaries\release-intermediates\bigbase.pch
c:\users\marti\downloads\atomix base v2\binaries\release-intermediates\vc143.pdb
c:\users\marti\downloads\atomix base v2\binaries\release-intermediates\common.obj
c:\users\marti\downloads\atomix base v2\binaries\release-intermediates\uimanager.obj
c:\users\marti\downloads\atomix base v2\binaries\release-intermediates\mainscript.obj
c:\users\marti\downloads\atomix base v2\binaries\release-intermediates\scriptmanager.obj
c:\users\marti\downloads\atomix base v2\binaries\release-intermediates\scriptcallback.obj
c:\users\marti\downloads\atomix base v2\binaries\release-intermediates\main.obj
c:\users\marti\downloads\atomix base v2\binaries\release-intermediates\logscript.obj
c:\users\marti\downloads\atomix base v2\binaries\release-intermediates\logger.obj
c:\users\marti\downloads\atomix base v2\binaries\release-intermediates\imgui_widgets.obj
c:\users\marti\downloads\atomix base v2\binaries\release-intermediates\imgui_impl_win32.obj
c:\users\marti\downloads\atomix base v2\binaries\release-intermediates\imgui_impl_dx11.obj
c:\users\marti\downloads\atomix base v2\binaries\release-intermediates\imgui_draw.obj
c:\users\marti\downloads\atomix base v2\binaries\release-intermediates\imgui_demo.obj
c:\users\marti\downloads\atomix base v2\binaries\release-intermediates\imgui.obj
c:\users\marti\downloads\atomix base v2\binaries\release-intermediates\hooking.obj
c:\users\marti\downloads\atomix base v2\binaries\release-intermediates\game.obj
c:\users\marti\downloads\atomix base v2\binaries\release-intermediates\functions.obj
c:\users\marti\downloads\atomix base v2\binaries\release-intermediates\d3drenderer.obj
c:\users\marti\downloads\atomix base v2\binaries\release-intermediates\customtext.obj
c:\users\marti\downloads\atomix base v2\binaries\release\bigbase.dll
c:\users\marti\downloads\atomix base v2\binaries\release\bigbase.pdb
c:\users\marti\downloads\atomix base v2\binaries\release-intermediates\bigbase.ipdb
c:\users\marti\downloads\atomix base v2\binaries\release-intermediates\bigbase.iobj
c:\users\marti\downloads\atomix base v2\binaries\release-intermediates\bigbase.vcxproj.filelistabsolute.txt
c:\users\marti\downloads\atomix base v2\binaries\release-intermediates\bigbase.tlog\cl.command.1.tlog
c:\users\marti\downloads\atomix base v2\binaries\release-intermediates\bigbase.tlog\cl.items.tlog
c:\users\marti\downloads\atomix base v2\binaries\release-intermediates\bigbase.tlog\cl.read.1.tlog
c:\users\marti\downloads\atomix base v2\binaries\release-intermediates\bigbase.tlog\cl.write.1.tlog
c:\users\marti\downloads\atomix base v2\binaries\release-intermediates\bigbase.tlog\link.command.1.tlog
c:\users\marti\downloads\atomix base v2\binaries\release-intermediates\bigbase.tlog\link.read.1.tlog
c:\users\marti\downloads\atomix base v2\binaries\release-intermediates\bigbase.tlog\link.secondary.1.tlog
c:\users\marti\downloads\atomix base v2\binaries\release-intermediates\bigbase.tlog\link.write.1.tlog
